#
# There is insufficient memory for the Java Runtime Environment to continue.
# Native memory allocation (malloc) failed to allocate 1907216 bytes. Error detail: Chunk::new
# Possible reasons:
#   The system is out of physical RAM or swap space
#   This process is running with CompressedOops enabled, and the Java Heap may be blocking the growth of the native heap
# Possible solutions:
#   Reduce memory load on the system
#   Increase physical memory or swap space
#   Check if swap backing store is full
#   Decrease Java heap size (-Xmx/-Xms)
#   Decrease number of Java threads
#   Decrease Java thread stack sizes (-Xss)
#   Set larger code cache with -XX:ReservedCodeCacheSize=
#   JVM is running with Unscaled Compressed Oops mode in which the Java heap is
#     placed in the first 4GB address space. The Java Heap base address is the
#     maximum limit for the native heap growth. Please use -XX:HeapBaseMinAddress
#     to set the Java Heap base and to place the Java Heap above 4GB virtual address.
# This output file may be truncated or incomplete.
#
#  Out of Memory Error (arena.cpp:168), pid=7684, tid=8876
#
# JRE version: OpenJDK Runtime Environment (21.0.5) (build 21.0.5+-13047016-b750.29)
# Java VM: OpenJDK 64-Bit Server VM (21.0.5+-13047016-b750.29, mixed mode, tiered, compressed oops, compressed class ptrs, g1 gc, windows-amd64)
# No core dump will be written. Minidumps are not enabled by default on client versions of Windows
#

---------------  S U M M A R Y ------------

Command Line: --add-opens=java.base/java.lang=ALL-UNNAMED --add-opens=java.base/java.lang.invoke=ALL-UNNAMED --add-opens=java.base/java.util=ALL-UNNAMED --add-opens=java.prefs/java.util.prefs=ALL-UNNAMED --add-exports=jdk.compiler/com.sun.tools.javac.api=ALL-UNNAMED --add-exports=jdk.compiler/com.sun.tools.javac.util=ALL-UNNAMED --add-opens=java.base/java.util=ALL-UNNAMED --add-opens=java.prefs/java.util.prefs=ALL-UNNAMED --add-opens=java.base/java.nio.charset=ALL-UNNAMED --add-opens=java.base/java.net=ALL-UNNAMED --add-opens=java.base/java.util.concurrent.atomic=ALL-UNNAMED --add-opens=java.xml/javax.xml.namespace=ALL-UNNAMED -Xmx2048m -Dfile.encoding=UTF-8 -Duser.country=US -Duser.language=en -Duser.variant -javaagent:C:\Users\bamba\.gradle\wrapper\dists\gradle-8.11.1-bin\bpt9gzteqjrbo1mjrsomdt32c\gradle-8.11.1\lib\agents\gradle-instrumentation-agent-8.11.1.jar org.gradle.launcher.daemon.bootstrap.GradleDaemon 8.11.1

Host: Intel(R) Core(TM) i5-6300U CPU @ 2.40GHz, 4 cores, 15G,  Windows 10 , 64 bit Build 19041 (10.0.19041.3393)
Time: Wed May  7 19:29:14 2025 GTB Daylight Time elapsed time: 9.521668 seconds (0d 0h 0m 9s)

---------------  T H R E A D  ---------------

Current thread (0x000002bdc24d3a40):  JavaThread "C2 CompilerThread0" daemon [_thread_in_native, id=8876, stack(0x000000d80c400000,0x000000d80c500000) (1024K)]


Current CompileTask:
C2:9521 2799       4       java.lang.invoke.MethodType::makeImpl (109 bytes)

Stack: [0x000000d80c400000,0x000000d80c500000]
Native frames: (J=compiled Java code, j=interpreted, Vv=VM code, C=native code)
V  [jvm.dll+0x6cfb29]
V  [jvm.dll+0x85df93]
V  [jvm.dll+0x8604ee]
V  [jvm.dll+0x860bd3]
V  [jvm.dll+0x27e6b6]
V  [jvm.dll+0xbff6d]
V  [jvm.dll+0xc04a3]
V  [jvm.dll+0x3b5fc1]
V  [jvm.dll+0x381f97]
V  [jvm.dll+0x38140a]
V  [jvm.dll+0x247c62]
V  [jvm.dll+0x247231]
V  [jvm.dll+0x1c5ee4]
V  [jvm.dll+0x25697c]
V  [jvm.dll+0x254ec6]
V  [jvm.dll+0x3f0ce6]
V  [jvm.dll+0x806368]
V  [jvm.dll+0x6ce3fd]
C  [ucrtbase.dll+0x21bb2]
C  [KERNEL32.DLL+0x17344]
C  [ntdll.dll+0x526b1]


---------------  P R O C E S S  ---------------

Threads class SMR info:
_java_thread_list=0x000002bdc8cc9600, length=25, elements={
0x000002bdab457720, 0x000002bdc24f22c0, 0x000002bdc24cea00, 0x000002bdc24d0dd0,
0x000002bdc24d1820, 0x000002bdc24d2270, 0x000002bdc24d2cc0, 0x000002bdc24d3a40,
0x000002bdc255f6a0, 0x000002bdc22bcc20, 0x000002bdc281aad0, 0x000002bdc869a930,
0x000002bdc8866390, 0x000002bdc7d28f20, 0x000002bdc712bff0, 0x000002bdc712ca20,
0x000002bdc733c7f0, 0x000002bdc7360330, 0x000002bdc72da220, 0x000002bdc7f68380,
0x000002bdc7f67660, 0x000002bdc7f67cf0, 0x000002bdc7f65c20, 0x000002bdc7f66940,
0x000002bdc7f4b690
}

Java Threads: ( => current thread )
  0x000002bdab457720 JavaThread "main"                              [_thread_blocked, id=14676, stack(0x000000d80b500000,0x000000d80b600000) (1024K)]
  0x000002bdc24f22c0 JavaThread "Reference Handler"          daemon [_thread_blocked, id=6564, stack(0x000000d80be00000,0x000000d80bf00000) (1024K)]
  0x000002bdc24cea00 JavaThread "Finalizer"                  daemon [_thread_blocked, id=14936, stack(0x000000d80bf00000,0x000000d80c000000) (1024K)]
  0x000002bdc24d0dd0 JavaThread "Signal Dispatcher"          daemon [_thread_blocked, id=3364, stack(0x000000d80c000000,0x000000d80c100000) (1024K)]
  0x000002bdc24d1820 JavaThread "Attach Listener"            daemon [_thread_blocked, id=2356, stack(0x000000d80c100000,0x000000d80c200000) (1024K)]
  0x000002bdc24d2270 JavaThread "Service Thread"             daemon [_thread_blocked, id=7348, stack(0x000000d80c200000,0x000000d80c300000) (1024K)]
  0x000002bdc24d2cc0 JavaThread "Monitor Deflation Thread"   daemon [_thread_blocked, id=2340, stack(0x000000d80c300000,0x000000d80c400000) (1024K)]
=>0x000002bdc24d3a40 JavaThread "C2 CompilerThread0"         daemon [_thread_in_native, id=8876, stack(0x000000d80c400000,0x000000d80c500000) (1024K)]
  0x000002bdc255f6a0 JavaThread "C1 CompilerThread0"         daemon [_thread_blocked, id=6516, stack(0x000000d80c500000,0x000000d80c600000) (1024K)]
  0x000002bdc22bcc20 JavaThread "Common-Cleaner"             daemon [_thread_blocked, id=2612, stack(0x000000d80c600000,0x000000d80c700000) (1024K)]
  0x000002bdc281aad0 JavaThread "Notification Thread"        daemon [_thread_blocked, id=11680, stack(0x000000d80c700000,0x000000d80c800000) (1024K)]
  0x000002bdc869a930 JavaThread "Daemon health stats"               [_thread_blocked, id=14940, stack(0x000000d80cb00000,0x000000d80cc00000) (1024K)]
  0x000002bdc8866390 JavaThread "Incoming local TCP Connector on port 61963"        [_thread_in_native, id=14088, stack(0x000000d80cc00000,0x000000d80cd00000) (1024K)]
  0x000002bdc7d28f20 JavaThread "Daemon periodic checks"            [_thread_blocked, id=15436, stack(0x000000d80cd00000,0x000000d80ce00000) (1024K)]
  0x000002bdc712bff0 JavaThread "Daemon"                            [_thread_blocked, id=13456, stack(0x000000d80ce00000,0x000000d80cf00000) (1024K)]
  0x000002bdc712ca20 JavaThread "Handler for socket connection from /127.0.0.1:61963 to /127.0.0.1:61964"        [_thread_in_native, id=13272, stack(0x000000d80cf00000,0x000000d80d000000) (1024K)]
  0x000002bdc733c7f0 JavaThread "Cancel handler"                    [_thread_blocked, id=15388, stack(0x000000d80d000000,0x000000d80d100000) (1024K)]
  0x000002bdc7360330 JavaThread "Daemon worker"                     [_thread_in_native, id=3792, stack(0x000000d80d100000,0x000000d80d200000) (1024K)]
  0x000002bdc72da220 JavaThread "Asynchronous log dispatcher for DefaultDaemonConnection: socket connection from /127.0.0.1:61963 to /127.0.0.1:61964"        [_thread_blocked, id=6608, stack(0x000000d80d200000,0x000000d80d300000) (1024K)]
  0x000002bdc7f68380 JavaThread "Stdin handler"                     [_thread_blocked, id=12504, stack(0x000000d80d300000,0x000000d80d400000) (1024K)]
  0x000002bdc7f67660 JavaThread "Daemon client event forwarder"        [_thread_blocked, id=13392, stack(0x000000d80d400000,0x000000d80d500000) (1024K)]
  0x000002bdc7f67cf0 JavaThread "Cache worker for journal cache (C:\Users\bamba\.gradle\caches\journal-1)"        [_thread_blocked, id=10384, stack(0x000000d80d500000,0x000000d80d600000) (1024K)]
  0x000002bdc7f65c20 JavaThread "File lock request listener"        [_thread_in_native, id=13416, stack(0x000000d80d600000,0x000000d80d700000) (1024K)]
  0x000002bdc7f66940 JavaThread "Cache worker for file hash cache (C:\Users\bamba\.gradle\caches\8.11.1\fileHashes)"        [_thread_blocked, id=6876, stack(0x000000d80d700000,0x000000d80d800000) (1024K)]
  0x000002bdc7f4b690 JavaThread "C2 CompilerThread1"         daemon [_thread_in_native, id=7596, stack(0x000000d80d800000,0x000000d80d900000) (1024K)]
Total: 25

Other Threads:
  0x000002bdc22eebf0 VMThread "VM Thread"                           [id=15140, stack(0x000000d80bd00000,0x000000d80be00000) (1024K)]
  0x000002bdc22bc0e0 WatcherThread "VM Periodic Task Thread"        [id=1208, stack(0x000000d80bc00000,0x000000d80bd00000) (1024K)]
  0x000002bdab4ae420 WorkerThread "GC Thread#0"                     [id=7520, stack(0x000000d80b700000,0x000000d80b800000) (1024K)]
  0x000002bdc70f5470 WorkerThread "GC Thread#1"                     [id=5368, stack(0x000000d80c800000,0x000000d80c900000) (1024K)]
  0x000002bdc70f5810 WorkerThread "GC Thread#2"                     [id=416, stack(0x000000d80c900000,0x000000d80ca00000) (1024K)]
  0x000002bdc70f5bb0 WorkerThread "GC Thread#3"                     [id=5356, stack(0x000000d80ca00000,0x000000d80cb00000) (1024K)]
  0x000002bdab4bf310 ConcurrentGCThread "G1 Main Marker"            [id=13888, stack(0x000000d80b800000,0x000000d80b900000) (1024K)]
  0x000002bdab4bfd20 WorkerThread "G1 Conc#0"                       [id=1012, stack(0x000000d80b900000,0x000000d80ba00000) (1024K)]
  0x000002bdc2191a60 ConcurrentGCThread "G1 Refine#0"               [id=1644, stack(0x000000d80ba00000,0x000000d80bb00000) (1024K)]
  0x000002bdc21923f0 ConcurrentGCThread "G1 Service"                [id=6252, stack(0x000000d80bb00000,0x000000d80bc00000) (1024K)]
Total: 10

Threads with active compile tasks:
C2 CompilerThread0  9565 2799       4       java.lang.invoke.MethodType::makeImpl (109 bytes)
C2 CompilerThread1  9565 2854   !   4       java.net.URLClassLoader::findClass (47 bytes)
Total: 2

VM state: not at safepoint (normal execution)

VM Mutex/Monitor currently owned by a thread: None

Heap address: 0x0000000080000000, size: 2048 MB, Compressed Oops mode: 32-bit

CDS archive(s) not mapped
Compressed class space mapped at: 0x0000000100000000-0x0000000140000000, reserved size: 1073741824
Narrow klass base: 0x0000000000000000, Narrow klass shift: 3, Narrow klass range: 0x140000000

GC Precious Log:
 CardTable entry size: 512
 Card Set container configuration: InlinePtr #cards 5 size 8 Array Of Cards #cards 12 size 40 Howl #buckets 4 coarsen threshold 1843 Howl Bitmap #cards 512 size 80 coarsen threshold 460 Card regions per heap region 1 cards per card region 2048
 CPUs: 4 total, 4 available
 Memory: 16264M
 Large Page Support: Disabled
 NUMA Support: Disabled
 Compressed Oops: Enabled (32-bit)
 Heap Region Size: 1M
 Heap Min Capacity: 8M
 Heap Initial Capacity: 256M
 Heap Max Capacity: 2G
 Pre-touch: Disabled
 Parallel Workers: 4
 Concurrent Workers: 1
 Concurrent Refinement Workers: 4
 Periodic GC: Disabled

Heap:
 garbage-first heap   total 68608K, used 31946K [0x0000000080000000, 0x0000000100000000)
  region size 1024K, 13 young (13312K), 2 survivors (2048K)
 Metaspace       used 27607K, committed 28096K, reserved 1114112K
  class space    used 3435K, committed 3648K, reserved 1048576K

Heap Regions: E=young(eden), S=young(survivor), O=old, HS=humongous(starts), HC=humongous(continues), CS=collection set, F=free, TAMS=top-at-mark-start, PB=parsable bottom
|   0|0x0000000080000000, 0x0000000080100000, 0x0000000080100000|100%|HS|  |TAMS 0x0000000080000000| PB 0x0000000080000000| Complete 
|   1|0x0000000080100000, 0x0000000080200000, 0x0000000080200000|100%|HC|  |TAMS 0x0000000080100000| PB 0x0000000080100000| Complete 
|   2|0x0000000080200000, 0x0000000080300000, 0x0000000080300000|100%|HC|  |TAMS 0x0000000080200000| PB 0x0000000080200000| Complete 
|   3|0x0000000080300000, 0x0000000080400000, 0x0000000080400000|100%| O|  |TAMS 0x0000000080300000| PB 0x0000000080300000| Untracked 
|   4|0x0000000080400000, 0x0000000080500000, 0x0000000080500000|100%| O|  |TAMS 0x0000000080400000| PB 0x0000000080400000| Untracked 
|   5|0x0000000080500000, 0x0000000080588c60, 0x0000000080600000| 53%| O|Cm|TAMS 0x0000000080500000| PB 0x0000000080500000| Complete 
|   6|0x0000000080600000, 0x0000000080700000, 0x0000000080700000|100%|HS|  |TAMS 0x0000000080600000| PB 0x0000000080600000| Complete 
|   7|0x0000000080700000, 0x0000000080800000, 0x0000000080800000|100%| O|  |TAMS 0x0000000080700000| PB 0x0000000080700000| Untracked 
|   8|0x0000000080800000, 0x0000000080900000, 0x0000000080900000|100%| O|  |TAMS 0x0000000080800000| PB 0x0000000080800000| Untracked 
|   9|0x0000000080900000, 0x0000000080a00000, 0x0000000080a00000|100%| O|  |TAMS 0x0000000080900000| PB 0x0000000080900000| Untracked 
|  10|0x0000000080a00000, 0x0000000080b00000, 0x0000000080b00000|100%| O|  |TAMS 0x0000000080a00000| PB 0x0000000080a00000| Untracked 
|  11|0x0000000080b00000, 0x0000000080c00000, 0x0000000080c00000|100%| O|  |TAMS 0x0000000080b00000| PB 0x0000000080b00000| Untracked 
|  12|0x0000000080c00000, 0x0000000080d00000, 0x0000000080d00000|100%| O|  |TAMS 0x0000000080c00000| PB 0x0000000080c00000| Untracked 
|  13|0x0000000080d00000, 0x0000000080e00000, 0x0000000080e00000|100%| O|  |TAMS 0x0000000080d00000| PB 0x0000000080d00000| Untracked 
|  14|0x0000000080e00000, 0x0000000080f00000, 0x0000000080f00000|100%| O|  |TAMS 0x0000000080e00000| PB 0x0000000080e00000| Untracked 
|  15|0x0000000080f00000, 0x0000000081000000, 0x0000000081000000|100%| O|  |TAMS 0x0000000080f00000| PB 0x0000000080f00000| Untracked 
|  16|0x0000000081000000, 0x0000000081100000, 0x0000000081100000|100%| O|  |TAMS 0x0000000081000000| PB 0x0000000081000000| Untracked 
|  17|0x0000000081100000, 0x0000000081200000, 0x0000000081200000|100%| O|  |TAMS 0x0000000081100000| PB 0x0000000081100000| Untracked 
|  18|0x0000000081200000, 0x0000000081300000, 0x0000000081300000|100%| O|  |TAMS 0x0000000081200000| PB 0x0000000081200000| Untracked 
|  19|0x0000000081300000, 0x00000000813e7c00, 0x0000000081400000| 90%| O|  |TAMS 0x0000000081300000| PB 0x0000000081300000| Untracked 
|  20|0x0000000081400000, 0x0000000081400000, 0x0000000081500000|  0%| F|  |TAMS 0x0000000081400000| PB 0x0000000081400000| Untracked 
|  21|0x0000000081500000, 0x0000000081500000, 0x0000000081600000|  0%| F|  |TAMS 0x0000000081500000| PB 0x0000000081500000| Untracked 
|  22|0x0000000081600000, 0x0000000081600000, 0x0000000081700000|  0%| F|  |TAMS 0x0000000081600000| PB 0x0000000081600000| Untracked 
|  23|0x0000000081700000, 0x0000000081700000, 0x0000000081800000|  0%| F|  |TAMS 0x0000000081700000| PB 0x0000000081700000| Untracked 
|  24|0x0000000081800000, 0x0000000081800000, 0x0000000081900000|  0%| F|  |TAMS 0x0000000081800000| PB 0x0000000081800000| Untracked 
|  25|0x0000000081900000, 0x00000000819c2380, 0x0000000081a00000| 75%| S|CS|TAMS 0x0000000081900000| PB 0x0000000081900000| Complete 
|  26|0x0000000081a00000, 0x0000000081b00000, 0x0000000081b00000|100%| S|CS|TAMS 0x0000000081a00000| PB 0x0000000081a00000| Complete 
|  27|0x0000000081b00000, 0x0000000081b00000, 0x0000000081c00000|  0%| F|  |TAMS 0x0000000081b00000| PB 0x0000000081b00000| Untracked 
|  28|0x0000000081c00000, 0x0000000081c00000, 0x0000000081d00000|  0%| F|  |TAMS 0x0000000081c00000| PB 0x0000000081c00000| Untracked 
|  29|0x0000000081d00000, 0x0000000081d00000, 0x0000000081e00000|  0%| F|  |TAMS 0x0000000081d00000| PB 0x0000000081d00000| Untracked 
|  30|0x0000000081e00000, 0x0000000081e00000, 0x0000000081f00000|  0%| F|  |TAMS 0x0000000081e00000| PB 0x0000000081e00000| Untracked 
|  31|0x0000000081f00000, 0x0000000081f00000, 0x0000000082000000|  0%| F|  |TAMS 0x0000000081f00000| PB 0x0000000081f00000| Untracked 
|  32|0x0000000082000000, 0x0000000082000000, 0x0000000082100000|  0%| F|  |TAMS 0x0000000082000000| PB 0x0000000082000000| Untracked 
|  33|0x0000000082100000, 0x0000000082100000, 0x0000000082200000|  0%| F|  |TAMS 0x0000000082100000| PB 0x0000000082100000| Untracked 
|  34|0x0000000082200000, 0x0000000082200000, 0x0000000082300000|  0%| F|  |TAMS 0x0000000082200000| PB 0x0000000082200000| Untracked 
|  35|0x0000000082300000, 0x0000000082300000, 0x0000000082400000|  0%| F|  |TAMS 0x0000000082300000| PB 0x0000000082300000| Untracked 
|  36|0x0000000082400000, 0x0000000082400000, 0x0000000082500000|  0%| F|  |TAMS 0x0000000082400000| PB 0x0000000082400000| Untracked 
|  37|0x0000000082500000, 0x0000000082500000, 0x0000000082600000|  0%| F|  |TAMS 0x0000000082500000| PB 0x0000000082500000| Untracked 
|  38|0x0000000082600000, 0x0000000082600000, 0x0000000082700000|  0%| F|  |TAMS 0x0000000082600000| PB 0x0000000082600000| Untracked 
|  39|0x0000000082700000, 0x0000000082700000, 0x0000000082800000|  0%| F|  |TAMS 0x0000000082700000| PB 0x0000000082700000| Untracked 
|  40|0x0000000082800000, 0x0000000082800000, 0x0000000082900000|  0%| F|  |TAMS 0x0000000082800000| PB 0x0000000082800000| Untracked 
|  41|0x0000000082900000, 0x0000000082900000, 0x0000000082a00000|  0%| F|  |TAMS 0x0000000082900000| PB 0x0000000082900000| Untracked 
|  42|0x0000000082a00000, 0x0000000082a00000, 0x0000000082b00000|  0%| F|  |TAMS 0x0000000082a00000| PB 0x0000000082a00000| Untracked 
|  43|0x0000000082b00000, 0x0000000082b00000, 0x0000000082c00000|  0%| F|  |TAMS 0x0000000082b00000| PB 0x0000000082b00000| Untracked 
|  44|0x0000000082c00000, 0x0000000082c00000, 0x0000000082d00000|  0%| F|  |TAMS 0x0000000082c00000| PB 0x0000000082c00000| Untracked 
|  45|0x0000000082d00000, 0x0000000082d00000, 0x0000000082e00000|  0%| F|  |TAMS 0x0000000082d00000| PB 0x0000000082d00000| Untracked 
|  46|0x0000000082e00000, 0x0000000082e00000, 0x0000000082f00000|  0%| F|  |TAMS 0x0000000082e00000| PB 0x0000000082e00000| Untracked 
|  47|0x0000000082f00000, 0x0000000082f00000, 0x0000000083000000|  0%| F|  |TAMS 0x0000000082f00000| PB 0x0000000082f00000| Untracked 
|  48|0x0000000083000000, 0x0000000083000000, 0x0000000083100000|  0%| F|  |TAMS 0x0000000083000000| PB 0x0000000083000000| Untracked 
|  49|0x0000000083100000, 0x0000000083100000, 0x0000000083200000|  0%| F|  |TAMS 0x0000000083100000| PB 0x0000000083100000| Untracked 
|  50|0x0000000083200000, 0x0000000083200000, 0x0000000083300000|  0%| F|  |TAMS 0x0000000083200000| PB 0x0000000083200000| Untracked 
|  51|0x0000000083300000, 0x0000000083300000, 0x0000000083400000|  0%| F|  |TAMS 0x0000000083300000| PB 0x0000000083300000| Untracked 
| 150|0x0000000089600000, 0x0000000089600000, 0x0000000089700000|  0%| F|  |TAMS 0x0000000089600000| PB 0x0000000089600000| Untracked 
| 151|0x0000000089700000, 0x0000000089700000, 0x0000000089800000|  0%| F|  |TAMS 0x0000000089700000| PB 0x0000000089700000| Untracked 
| 152|0x0000000089800000, 0x0000000089800000, 0x0000000089900000|  0%| F|  |TAMS 0x0000000089800000| PB 0x0000000089800000| Untracked 
| 153|0x0000000089900000, 0x0000000089900000, 0x0000000089a00000|  0%| F|  |TAMS 0x0000000089900000| PB 0x0000000089900000| Untracked 
| 154|0x0000000089a00000, 0x0000000089a98a28, 0x0000000089b00000| 59%| E|  |TAMS 0x0000000089a00000| PB 0x0000000089a00000| Complete 
| 155|0x0000000089b00000, 0x0000000089c00000, 0x0000000089c00000|100%| E|CS|TAMS 0x0000000089b00000| PB 0x0000000089b00000| Complete 
| 156|0x0000000089c00000, 0x0000000089d00000, 0x0000000089d00000|100%| E|CS|TAMS 0x0000000089c00000| PB 0x0000000089c00000| Complete 
| 157|0x0000000089d00000, 0x0000000089e00000, 0x0000000089e00000|100%| E|CS|TAMS 0x0000000089d00000| PB 0x0000000089d00000| Complete 
| 158|0x0000000089e00000, 0x0000000089f00000, 0x0000000089f00000|100%| E|CS|TAMS 0x0000000089e00000| PB 0x0000000089e00000| Complete 
| 159|0x0000000089f00000, 0x000000008a000000, 0x000000008a000000|100%| E|CS|TAMS 0x0000000089f00000| PB 0x0000000089f00000| Complete 
| 160|0x000000008a000000, 0x000000008a100000, 0x000000008a100000|100%| E|CS|TAMS 0x000000008a000000| PB 0x000000008a000000| Complete 
| 161|0x000000008a100000, 0x000000008a200000, 0x000000008a200000|100%| E|CS|TAMS 0x000000008a100000| PB 0x000000008a100000| Complete 
| 162|0x000000008a200000, 0x000000008a300000, 0x000000008a300000|100%| E|CS|TAMS 0x000000008a200000| PB 0x000000008a200000| Complete 
| 254|0x000000008fe00000, 0x000000008ff00000, 0x000000008ff00000|100%| E|CS|TAMS 0x000000008fe00000| PB 0x000000008fe00000| Complete 
| 255|0x000000008ff00000, 0x0000000090000000, 0x0000000090000000|100%| E|CS|TAMS 0x000000008ff00000| PB 0x000000008ff00000| Complete 

Card table byte_map: [0x000002bdbd9c0000,0x000002bdbddc0000] _byte_map_base: 0x000002bdbd5c0000

Marking Bits: (CMBitMap*) 0x000002bdab4aea30
 Bits: [0x000002bdbddc0000, 0x000002bdbfdc0000)

Polling page: 0x000002bda92b0000

Metaspace:

Usage:
  Non-class:     23.61 MB used.
      Class:      3.36 MB used.
       Both:     26.97 MB used.

Virtual space:
  Non-class space:       64.00 MB reserved,      23.88 MB ( 37%) committed,  1 nodes.
      Class space:        1.00 GB reserved,       3.56 MB ( <1%) committed,  1 nodes.
             Both:        1.06 GB reserved,      27.44 MB (  3%) committed. 

Chunk freelists:
   Non-Class:  7.20 MB
       Class:  12.39 MB
        Both:  19.59 MB

MaxMetaspaceSize: unlimited
CompressedClassSpaceSize: 1.00 GB
Initial GC threshold: 21.00 MB
Current GC threshold: 35.25 MB
CDS: off
 - commit_granule_bytes: 65536.
 - commit_granule_words: 8192.
 - virtual_space_node_default_size: 8388608.
 - enlarge_chunks_in_place: 1.
 - use_allocation_guard: 0.


Internal statistics:

num_allocs_failed_limit: 3.
num_arena_births: 682.
num_arena_deaths: 0.
num_vsnodes_births: 2.
num_vsnodes_deaths: 0.
num_space_committed: 439.
num_space_uncommitted: 0.
num_chunks_returned_to_freelist: 3.
num_chunks_taken_from_freelist: 1390.
num_chunk_merges: 3.
num_chunk_splits: 871.
num_chunks_enlarged: 594.
num_inconsistent_stats: 0.

CodeHeap 'non-profiled nmethods': size=120000Kb used=1444Kb max_used=1444Kb free=118555Kb
 bounds [0x000002bdb6090000, 0x000002bdb6300000, 0x000002bdbd5c0000]
CodeHeap 'profiled nmethods': size=120000Kb used=5657Kb max_used=5657Kb free=114343Kb
 bounds [0x000002bdae5c0000, 0x000002bdaeb50000, 0x000002bdb5af0000]
CodeHeap 'non-nmethods': size=5760Kb used=1478Kb max_used=1547Kb free=4281Kb
 bounds [0x000002bdb5af0000, 0x000002bdb5d60000, 0x000002bdb6090000]
 total_blobs=3446 nmethods=2871 adapters=479
 compilation: enabled
              stopped_count=0, restarted_count=0
 full_count=0

Compilation events (20 events):
Event: 9.438 Thread 0x000002bdc255f6a0 2862       3       jdk.internal.org.objectweb.asm.Frame::addInitializedType (77 bytes)
Event: 9.439 Thread 0x000002bdc255f6a0 nmethod 2862 0x000002bdaeb3c410 code [0x000002bdaeb3c5e0, 0x000002bdaeb3cad0]
Event: 9.444 Thread 0x000002bdc255f6a0 2863       3       java.lang.invoke.TypeConvertingMethodAdapter::cast (42 bytes)
Event: 9.445 Thread 0x000002bdc255f6a0 nmethod 2863 0x000002bdaeb3cc90 code [0x000002bdaeb3ce80, 0x000002bdaeb3d2c0]
Event: 9.458 Thread 0x000002bdc255f6a0 2864       3       com.google.common.base.Preconditions::checkArgument (28 bytes)
Event: 9.458 Thread 0x000002bdc255f6a0 nmethod 2864 0x000002bdaeb3d490 code [0x000002bdaeb3d680, 0x000002bdaeb3dc70]
Event: 9.458 Thread 0x000002bdc255f6a0 2865       3       com.google.common.io.BaseEncoding$Alphabet::encode (7 bytes)
Event: 9.458 Thread 0x000002bdc255f6a0 nmethod 2865 0x000002bdaeb3de90 code [0x000002bdaeb3e040, 0x000002bdaeb3e180]
Event: 9.489 Thread 0x000002bdc255f6a0 2867       1       sun.reflect.generics.repository.AbstractRepository::getFactory (5 bytes)
Event: 9.489 Thread 0x000002bdc255f6a0 nmethod 2867 0x000002bdb61f8d90 code [0x000002bdb61f8f20, 0x000002bdb61f8fe8]
Event: 9.490 Thread 0x000002bdc255f6a0 2869       3       org.gradle.internal.service.DefaultServiceRegistry::isAssignableFromAnyType (41 bytes)
Event: 9.490 Thread 0x000002bdc255f6a0 nmethod 2869 0x000002bdaeb3e290 code [0x000002bdaeb3e4a0, 0x000002bdaeb3ea00]
Event: 9.490 Thread 0x000002bdc255f6a0 2868       3       org.gradle.internal.service.DefaultServiceRegistry::access$1500 (6 bytes)
Event: 9.491 Thread 0x000002bdc255f6a0 nmethod 2868 0x000002bdaeb3eb90 code [0x000002bdaeb3ed40, 0x000002bdaeb3ee58]
Event: 9.491 Thread 0x000002bdc255f6a0 2870       3       org.gradle.internal.service.DefaultServiceRegistry$SingletonService::getAll (38 bytes)
Event: 9.491 Thread 0x000002bdc255f6a0 nmethod 2870 0x000002bdaeb3ef10 code [0x000002bdaeb3f100, 0x000002bdaeb3f518]
Event: 9.514 Thread 0x000002bdc255f6a0 2871   !   3       org.gradle.internal.classloader.TransformingClassLoader::findClass (203 bytes)
Event: 9.516 Thread 0x000002bdc255f6a0 nmethod 2871 0x000002bdaeb3f690 code [0x000002bdaeb3fba0, 0x000002bdaeb41e28]
Event: 9.517 Thread 0x000002bdc255f6a0 2872       3       org.gradle.initialization.MixInLegacyTypesClassLoader::shouldTransform (42 bytes)
Event: 9.517 Thread 0x000002bdc255f6a0 nmethod 2872 0x000002bdaeb42e10 code [0x000002bdaeb42fe0, 0x000002bdaeb433a8]

GC Heap History (8 events):
Event: 0.739 GC heap before
{Heap before GC invocations=0 (full 0):
 garbage-first heap   total 262144K, used 12288K [0x0000000080000000, 0x0000000100000000)
  region size 1024K, 13 young (13312K), 0 survivors (0K)
 Metaspace       used 7376K, committed 7488K, reserved 1114112K
  class space    used 665K, committed 704K, reserved 1048576K
}
Event: 0.742 GC heap after
{Heap after GC invocations=1 (full 0):
 garbage-first heap   total 262144K, used 1216K [0x0000000080000000, 0x0000000100000000)
  region size 1024K, 2 young (2048K), 2 survivors (2048K)
 Metaspace       used 7376K, committed 7488K, reserved 1114112K
  class space    used 665K, committed 704K, reserved 1048576K
}
Event: 1.856 GC heap before
{Heap before GC invocations=1 (full 0):
 garbage-first heap   total 262144K, used 28864K [0x0000000080000000, 0x0000000100000000)
  region size 1024K, 27 young (27648K), 2 survivors (2048K)
 Metaspace       used 11170K, committed 11392K, reserved 1114112K
  class space    used 1165K, committed 1280K, reserved 1048576K
}
Event: 1.861 GC heap after
{Heap after GC invocations=2 (full 0):
 garbage-first heap   total 262144K, used 9763K [0x0000000080000000, 0x0000000100000000)
  region size 1024K, 4 young (4096K), 4 survivors (4096K)
 Metaspace       used 11170K, committed 11392K, reserved 1114112K
  class space    used 1165K, committed 1280K, reserved 1048576K
}
Event: 6.860 GC heap before
{Heap before GC invocations=2 (full 0):
 garbage-first heap   total 262144K, used 100899K [0x0000000080000000, 0x0000000100000000)
  region size 1024K, 93 young (95232K), 4 survivors (4096K)
 Metaspace       used 21204K, committed 21504K, reserved 1114112K
  class space    used 2443K, committed 2624K, reserved 1048576K
}
Event: 6.883 GC heap after
{Heap after GC invocations=3 (full 0):
 garbage-first heap   total 262144K, used 19525K [0x0000000080000000, 0x0000000100000000)
  region size 1024K, 13 young (13312K), 13 survivors (13312K)
 Metaspace       used 21204K, committed 21504K, reserved 1114112K
  class space    used 2443K, committed 2624K, reserved 1048576K
}
Event: 8.973 GC heap before
{Heap before GC invocations=4 (full 0):
 garbage-first heap   total 68608K, used 46149K [0x0000000080000000, 0x0000000100000000)
  region size 1024K, 40 young (40960K), 13 survivors (13312K)
 Metaspace       used 26180K, committed 26624K, reserved 1114112K
  class space    used 3179K, committed 3392K, reserved 1048576K
}
Event: 8.988 GC heap after
{Heap after GC invocations=5 (full 0):
 garbage-first heap   total 68608K, used 21706K [0x0000000080000000, 0x0000000100000000)
  region size 1024K, 2 young (2048K), 2 survivors (2048K)
 Metaspace       used 26180K, committed 26624K, reserved 1114112K
  class space    used 3179K, committed 3392K, reserved 1048576K
}

Dll operation events (3 events):
Event: 0.029 Loaded shared library C:\Program Files\Android\Android Studio\jbr\bin\java.dll
Event: 0.048 Loaded shared library C:\Program Files\Android\Android Studio\jbr\bin\zip.dll
Event: 1.123 Loaded shared library C:\Program Files\Android\Android Studio\jbr\bin\verify.dll

Deoptimization events (20 events):
Event: 7.894 Thread 0x000002bdc7360330 DEOPT PACKING pc=0x000002bdb615cb1c sp=0x000000d80d1fc4f0
Event: 7.895 Thread 0x000002bdc7360330 DEOPT UNPACKING pc=0x000002bdb5b446a2 sp=0x000000d80d1fc4a8 mode 2
Event: 7.948 Thread 0x000002bdc7f65c20 Uncommon trap: trap_request=0xffffffde fr.pc=0x000002bdb61bc8d4 relative=0x0000000000000e54
Event: 7.948 Thread 0x000002bdc7f65c20 Uncommon trap: reason=class_check action=maybe_recompile pc=0x000002bdb61bc8d4 method=java.util.concurrent.ConcurrentHashMap.putVal(Ljava/lang/Object;Ljava/lang/Object;Z)Ljava/lang/Object; @ 242 c2
Event: 7.948 Thread 0x000002bdc7f65c20 DEOPT PACKING pc=0x000002bdb61bc8d4 sp=0x000000d80d6fdda0
Event: 7.948 Thread 0x000002bdc7f65c20 DEOPT UNPACKING pc=0x000002bdb5b446a2 sp=0x000000d80d6fdd10 mode 2
Event: 8.380 Thread 0x000002bdc7360330 Uncommon trap: trap_request=0xffffff45 fr.pc=0x000002bdb60b778c relative=0x0000000000000d8c
Event: 8.380 Thread 0x000002bdc7360330 Uncommon trap: reason=unstable_if action=reinterpret pc=0x000002bdb60b778c method=java.io.WinNTFileSystem.resolve(Ljava/lang/String;Ljava/lang/String;)Ljava/lang/String; @ 19 c2
Event: 8.380 Thread 0x000002bdc7360330 DEOPT PACKING pc=0x000002bdb60b778c sp=0x000000d80d1fb960
Event: 8.380 Thread 0x000002bdc7360330 DEOPT UNPACKING pc=0x000002bdb5b446a2 sp=0x000000d80d1fb8f8 mode 2
Event: 8.382 Thread 0x000002bdc7360330 Uncommon trap: trap_request=0xffffff45 fr.pc=0x000002bdb60cb970 relative=0x0000000000000690
Event: 8.382 Thread 0x000002bdc7360330 Uncommon trap: reason=unstable_if action=reinterpret pc=0x000002bdb60cb970 method=java.io.File.getName()Ljava/lang/String; @ 16 c2
Event: 8.382 Thread 0x000002bdc7360330 DEOPT PACKING pc=0x000002bdb60cb970 sp=0x000000d80d1fb920
Event: 8.383 Thread 0x000002bdc7360330 DEOPT UNPACKING pc=0x000002bdb5b446a2 sp=0x000000d80d1fb8f0 mode 2
Event: 8.921 Thread 0x000002bdc7360330 Uncommon trap: trap_request=0xffffff45 fr.pc=0x000002bdb60b9c94 relative=0x00000000000000f4
Event: 8.921 Thread 0x000002bdc7360330 Uncommon trap: reason=unstable_if action=reinterpret pc=0x000002bdb60b9c94 method=java.util.HashMap.hash(Ljava/lang/Object;)I @ 1 c2
Event: 8.921 Thread 0x000002bdc7360330 DEOPT PACKING pc=0x000002bdb60b9c94 sp=0x000000d80d1fc980
Event: 8.921 Thread 0x000002bdc7360330 DEOPT UNPACKING pc=0x000002bdb5b446a2 sp=0x000000d80d1fc8c0 mode 2
Event: 9.459 Thread 0x000002bdc7360330 DEOPT PACKING pc=0x000002bdae6b20d9 sp=0x000000d80d1fd530
Event: 9.459 Thread 0x000002bdc7360330 DEOPT UNPACKING pc=0x000002bdb5b44e42 sp=0x000000d80d1fc9c8 mode 0

Classes loaded (20 events):
Event: 9.193 Loading class java/lang/invoke/BoundMethodHandle$Species_LLLLLLLLLLLLLLL
Event: 9.193 Loading class java/lang/invoke/BoundMethodHandle$Species_LLLLLLLLLLLLLLL done
Event: 9.197 Loading class java/lang/invoke/BoundMethodHandle$Species_LLLLLLLLLLLLLLLL
Event: 9.197 Loading class java/lang/invoke/BoundMethodHandle$Species_LLLLLLLLLLLLLLLL done
Event: 9.200 Loading class java/lang/invoke/BoundMethodHandle$Species_LLLLLLLLLLLLLLLLL
Event: 9.200 Loading class java/lang/invoke/BoundMethodHandle$Species_LLLLLLLLLLLLLLLLL done
Event: 9.211 Loading class java/lang/invoke/BoundMethodHandle$Species_LLLLLLLLLLLLLLLLLL
Event: 9.211 Loading class java/lang/invoke/BoundMethodHandle$Species_LLLLLLLLLLLLLLLLLL done
Event: 9.215 Loading class java/lang/invoke/BoundMethodHandle$Species_LLLLLLLLLLLLLLLLLLL
Event: 9.215 Loading class java/lang/invoke/BoundMethodHandle$Species_LLLLLLLLLLLLLLLLLLL done
Event: 9.220 Loading class java/lang/invoke/BoundMethodHandle$Species_LLLLLLLLLLLLLLLLLLLL
Event: 9.220 Loading class java/lang/invoke/BoundMethodHandle$Species_LLLLLLLLLLLLLLLLLLLL done
Event: 9.223 Loading class java/lang/invoke/BoundMethodHandle$Species_LLLLLLLLLLLLLLLLLLLLL
Event: 9.223 Loading class java/lang/invoke/BoundMethodHandle$Species_LLLLLLLLLLLLLLLLLLLLL done
Event: 9.225 Loading class java/lang/invoke/BoundMethodHandle$Species_LLLLLLLLLLLLLLLLLLLLLL
Event: 9.225 Loading class java/lang/invoke/BoundMethodHandle$Species_LLLLLLLLLLLLLLLLLLLLLL done
Event: 9.231 Loading class java/lang/invoke/BoundMethodHandle$Species_LLLLLLLLLLLLLLLLLLLLLLL
Event: 9.231 Loading class java/lang/invoke/BoundMethodHandle$Species_LLLLLLLLLLLLLLLLLLLLLLL done
Event: 9.364 Loading class java/util/Collections$2
Event: 9.364 Loading class java/util/Collections$2 done

Classes unloaded (0 events):
No events

Classes redefined (0 events):
No events

Internal exceptions (20 events):
Event: 7.883 Thread 0x000002bdc7360330 Exception <a 'java/lang/IncompatibleClassChangeError'{0x00000000824b0748}: Found class java.lang.Object, but interface was expected> (0x00000000824b0748) 
thrown [s\src\hotspot\share\interpreter\linkResolver.cpp, line 851]
Event: 7.927 Thread 0x000002bdc7360330 Exception <a 'java/lang/NoSuchMethodError'{0x00000000823d1908}: 'java.lang.Object java.lang.invoke.DirectMethodHandle$Holder.newInvokeSpecial(java.lang.Object, java.lang.Object, int)'> (0x00000000823d1908) 
thrown [s\src\hotspot\share\interpreter\linkResolver.cpp, line 784]
Event: 8.219 Thread 0x000002bdc7360330 Exception <a 'java/lang/NoSuchMethodError'{0x0000000081f17920}: 'java.lang.Object java.lang.invoke.DirectMethodHandle$Holder.invokeVirtual(java.lang.Object, java.lang.Object, java.lang.Object, java.lang.Object, java.lang.Object, java.lang.Object, java.lang.Object, java.lang.Object)'> (0x0000000081f17920) 
thrown [s\src\hotspot\share\interpreter\linkResolver.cpp, line 784]
Event: 8.865 Thread 0x000002bdc7360330 Exception <a 'java/lang/NoSuchMethodError'{0x0000000081d849f8}: 'int java.lang.invoke.DirectMethodHandle$Holder.invokeSpecialIFC(java.lang.Object, java.lang.Object, java.lang.Object, java.lang.Object)'> (0x0000000081d849f8) 
thrown [s\src\hotspot\share\interpreter\linkResolver.cpp, line 784]
Event: 8.867 Thread 0x000002bdc7360330 Exception <a 'java/lang/NoSuchMethodError'{0x0000000081d92240}: 'java.lang.Object java.lang.invoke.DirectMethodHandle$Holder.invokeInterface(java.lang.Object, java.lang.Object, java.lang.Object)'> (0x0000000081d92240) 
thrown [s\src\hotspot\share\interpreter\linkResolver.cpp, line 784]
Event: 8.867 Thread 0x000002bdc7360330 Exception <a 'java/lang/IncompatibleClassChangeError'{0x0000000081d960b8}: Found class java.lang.Object, but interface was expected> (0x0000000081d960b8) 
thrown [s\src\hotspot\share\interpreter\linkResolver.cpp, line 851]
Event: 8.921 Thread 0x000002bdc7360330 Implicit null exception at 0x000002bdb60b9be6 to 0x000002bdb60b9c8a
Event: 8.950 Thread 0x000002bdc7360330 Exception <a 'java/lang/NoSuchMethodError'{0x0000000081b76548}: 'int java.lang.invoke.DirectMethodHandle$Holder.invokeStatic(java.lang.Object, java.lang.Object, java.lang.Object, java.lang.Object)'> (0x0000000081b76548) 
thrown [s\src\hotspot\share\interpreter\linkResolver.cpp, line 784]
Event: 9.142 Thread 0x000002bdc7360330 Exception <a 'java/lang/NoSuchMethodError'{0x000000008fe98030}: 'java.lang.Object java.lang.invoke.DelegatingMethodHandle$Holder.reinvoke_L(java.lang.Object, java.lang.Object, java.lang.Object, java.lang.Object, java.lang.Object, java.lang.Object, java.lang.Object, java.lang.Object, java.lang.Object, java.lang.Object, java.lang.Object, java.lang.Object, java.lang.Object, java.lang.Object, java.lang.Object, java.lang.Object, java.lang.Object, java.lang.Object, java.lang.Object, java.lang.Object, java.lang.O
Event: 9.192 Thread 0x000002bdc7360330 Exception <a 'java/lang/NoSuchMethodError'{0x000000008a2061a0}: 'java.lang.Object java.lang.invoke.DirectMethodHandle$Holder.invokeStatic(java.lang.Object, java.lang.Object, java.lang.Object, java.lang.Object, java.lang.Object, java.lang.Object, java.lang.Object, java.lang.Object, java.lang.Object, java.lang.Object, java.lang.Object, java.lang.Object, java.lang.Object, java.lang.Object, java.lang.Object, java.lang.Object, java.lang.Object)'> (0x000000008a2061a0) 
thrown [s\src\hotspot\share\interpreter\lin
Event: 9.195 Thread 0x000002bdc7360330 Exception <a 'java/lang/NoSuchMethodError'{0x000000008a22f2f8}: 'java.lang.Object java.lang.invoke.DirectMethodHandle$Holder.invokeStatic(java.lang.Object, java.lang.Object, java.lang.Object, java.lang.Object, java.lang.Object, java.lang.Object, java.lang.Object, java.lang.Object, java.lang.Object, java.lang.Object, java.lang.Object, java.lang.Object, java.lang.Object, java.lang.Object, java.lang.Object, java.lang.Object, java.lang.Object, java.lang.Object)'> (0x000000008a22f2f8) 
thrown [s\src\hotspot\sha
Event: 9.199 Thread 0x000002bdc7360330 Exception <a 'java/lang/NoSuchMethodError'{0x000000008a2595d0}: 'java.lang.Object java.lang.invoke.DirectMethodHandle$Holder.invokeStatic(java.lang.Object, java.lang.Object, java.lang.Object, java.lang.Object, java.lang.Object, java.lang.Object, java.lang.Object, java.lang.Object, java.lang.Object, java.lang.Object, java.lang.Object, java.lang.Object, java.lang.Object, java.lang.Object, java.lang.Object, java.lang.Object, java.lang.Object, java.lang.Object, java.lang.Object)'> (0x000000008a2595d0) 
thrown 
Event: 9.208 Thread 0x000002bdc7360330 Exception <a 'java/lang/NoSuchMethodError'{0x000000008a284ac0}: 'java.lang.Object java.lang.invoke.DirectMethodHandle$Holder.invokeStatic(java.lang.Object, java.lang.Object, java.lang.Object, java.lang.Object, java.lang.Object, java.lang.Object, java.lang.Object, java.lang.Object, java.lang.Object, java.lang.Object, java.lang.Object, java.lang.Object, java.lang.Object, java.lang.Object, java.lang.Object, java.lang.Object, java.lang.Object, java.lang.Object, java.lang.Object, java.lang.Object)'> (0x00000000
Event: 9.212 Thread 0x000002bdc7360330 Exception <a 'java/lang/NoSuchMethodError'{0x000000008a2b1630}: 'java.lang.Object java.lang.invoke.DirectMethodHandle$Holder.invokeStatic(java.lang.Object, java.lang.Object, java.lang.Object, java.lang.Object, java.lang.Object, java.lang.Object, java.lang.Object, java.lang.Object, java.lang.Object, java.lang.Object, java.lang.Object, java.lang.Object, java.lang.Object, java.lang.Object, java.lang.Object, java.lang.Object, java.lang.Object, java.lang.Object, java.lang.Object, java.lang.Object, java.lang.Obj
Event: 9.216 Thread 0x000002bdc7360330 Exception <a 'java/lang/NoSuchMethodError'{0x000000008a2dee10}: 'java.lang.Object java.lang.invoke.DirectMethodHandle$Holder.invokeStatic(java.lang.Object, java.lang.Object, java.lang.Object, java.lang.Object, java.lang.Object, java.lang.Object, java.lang.Object, java.lang.Object, java.lang.Object, java.lang.Object, java.lang.Object, java.lang.Object, java.lang.Object, java.lang.Object, java.lang.Object, java.lang.Object, java.lang.Object, java.lang.Object, java.lang.Object, java.lang.Object, java.lang.Obj
Event: 9.221 Thread 0x000002bdc7360330 Exception <a 'java/lang/NoSuchMethodError'{0x000000008a10d560}: 'java.lang.Object java.lang.invoke.DirectMethodHandle$Holder.invokeStatic(java.lang.Object, java.lang.Object, java.lang.Object, java.lang.Object, java.lang.Object, java.lang.Object, java.lang.Object, java.lang.Object, java.lang.Object, java.lang.Object, java.lang.Object, java.lang.Object, java.lang.Object, java.lang.Object, java.lang.Object, java.lang.Object, java.lang.Object, java.lang.Object, java.lang.Object, java.lang.Object, java.lang.Obj
Event: 9.224 Thread 0x000002bdc7360330 Exception <a 'java/lang/NoSuchMethodError'{0x000000008a13c790}: 'java.lang.Object java.lang.invoke.DirectMethodHandle$Holder.invokeStatic(java.lang.Object, java.lang.Object, java.lang.Object, java.lang.Object, java.lang.Object, java.lang.Object, java.lang.Object, java.lang.Object, java.lang.Object, java.lang.Object, java.lang.Object, java.lang.Object, java.lang.Object, java.lang.Object, java.lang.Object, java.lang.Object, java.lang.Object, java.lang.Object, java.lang.Object, java.lang.Object, java.lang.Obj
Event: 9.228 Thread 0x000002bdc7360330 Exception <a 'java/lang/NoSuchMethodError'{0x000000008a16c800}: 'java.lang.Object java.lang.invoke.DirectMethodHandle$Holder.invokeStatic(java.lang.Object, java.lang.Object, java.lang.Object, java.lang.Object, java.lang.Object, java.lang.Object, java.lang.Object, java.lang.Object, java.lang.Object, java.lang.Object, java.lang.Object, java.lang.Object, java.lang.Object, java.lang.Object, java.lang.Object, java.lang.Object, java.lang.Object, java.lang.Object, java.lang.Object, java.lang.Object, java.lang.Obj
Event: 9.232 Thread 0x000002bdc7360330 Exception <a 'java/lang/NoSuchMethodError'{0x000000008a19e1c0}: 'java.lang.Object java.lang.invoke.DirectMethodHandle$Holder.invokeStatic(java.lang.Object, java.lang.Object, java.lang.Object, java.lang.Object, java.lang.Object, java.lang.Object, java.lang.Object, java.lang.Object, java.lang.Object, java.lang.Object, java.lang.Object, java.lang.Object, java.lang.Object, java.lang.Object, java.lang.Object, java.lang.Object, java.lang.Object, java.lang.Object, java.lang.Object, java.lang.Object, java.lang.Obj
Event: 9.309 Thread 0x000002bdc7360330 Exception <a 'java/lang/IncompatibleClassChangeError'{0x000000008a0a2b30}: Found class java.lang.Object, but interface was expected> (0x000000008a0a2b30) 
thrown [s\src\hotspot\share\interpreter\linkResolver.cpp, line 851]

ZGC Phase Switch (0 events):
No events

VM Operations (20 events):
Event: 6.046 Executing VM operation: HandshakeAllThreads (Deoptimize)
Event: 6.046 Executing VM operation: HandshakeAllThreads (Deoptimize) done
Event: 6.046 Executing VM operation: Cleanup
Event: 6.047 Executing VM operation: Cleanup done
Event: 6.860 Executing VM operation: CollectForMetadataAllocation (Metadata GC Threshold)
Event: 6.883 Executing VM operation: CollectForMetadataAllocation (Metadata GC Threshold) done
Event: 6.896 Executing VM operation: G1PauseRemark
Event: 6.915 Executing VM operation: G1PauseRemark done
Event: 6.917 Executing VM operation: G1PauseCleanup
Event: 6.920 Executing VM operation: G1PauseCleanup done
Event: 7.925 Executing VM operation: HandshakeAllThreads (Deoptimize)
Event: 7.925 Executing VM operation: HandshakeAllThreads (Deoptimize) done
Event: 7.925 Executing VM operation: Cleanup
Event: 7.925 Executing VM operation: Cleanup done
Event: 8.973 Executing VM operation: G1CollectForAllocation (G1 Evacuation Pause)
Event: 8.988 Executing VM operation: G1CollectForAllocation (G1 Evacuation Pause) done
Event: 9.281 Executing VM operation: HandshakeAllThreads (Deoptimize)
Event: 9.281 Executing VM operation: HandshakeAllThreads (Deoptimize) done
Event: 9.281 Executing VM operation: HandshakeAllThreads (Deoptimize)
Event: 9.281 Executing VM operation: HandshakeAllThreads (Deoptimize) done

Memory protections (0 events):
No events

Nmethod flushes (0 events):
No events

Events (20 events):
Event: 2.110 Thread 0x000002bdc7079740 Thread exited: 0x000002bdc7079740
Event: 5.044 Loaded shared library C:\Program Files\Android\Android Studio\jbr\bin\management.dll
Event: 5.047 Loaded shared library C:\Program Files\Android\Android Studio\jbr\bin\management_ext.dll
Event: 5.144 Thread 0x000002bdab457720 Thread added: 0x000002bdc869a930
Event: 5.653 Loaded shared library C:\Program Files\Android\Android Studio\jbr\bin\extnet.dll
Event: 5.829 Thread 0x000002bdab457720 Thread added: 0x000002bdc8866390
Event: 6.120 Thread 0x000002bdab457720 Thread added: 0x000002bdc7d28f20
Event: 6.169 Thread 0x000002bdc8866390 Thread added: 0x000002bdc712bff0
Event: 6.173 Thread 0x000002bdc712bff0 Thread added: 0x000002bdc712ca20
Event: 6.236 Thread 0x000002bdc712bff0 Thread added: 0x000002bdc733c7f0
Event: 6.258 Thread 0x000002bdc712bff0 Thread added: 0x000002bdc7360330
Event: 6.297 Thread 0x000002bdc7360330 Thread added: 0x000002bdc72da220
Event: 6.308 Thread 0x000002bdc7360330 Thread added: 0x000002bdc7f68380
Event: 6.727 Thread 0x000002bdc7360330 Thread added: 0x000002bdc7f67660
Event: 7.925 Thread 0x000002bdc7360330 Thread added: 0x000002bdc7f67cf0
Event: 7.945 Thread 0x000002bdc7360330 Thread added: 0x000002bdc7f65c20
Event: 8.154 Thread 0x000002bdc7360330 Thread added: 0x000002bdc7f66940
Event: 8.909 Thread 0x000002bdc255f6a0 Thread added: 0x000002bdc8972570
Event: 9.146 Thread 0x000002bdc8972570 Thread exited: 0x000002bdc8972570
Event: 9.179 Thread 0x000002bdc255f6a0 Thread added: 0x000002bdc7f4b690


Dynamic libraries:
0x00007ff733240000 - 0x00007ff73324a000 	C:\Program Files\Android\Android Studio\jbr\bin\java.exe
0x00007fff18790000 - 0x00007fff18988000 	C:\windows\SYSTEM32\ntdll.dll
0x00007fff180a0000 - 0x00007fff1815d000 	C:\windows\System32\KERNEL32.DLL
0x00007fff15e70000 - 0x00007fff16166000 	C:\windows\System32\KERNELBASE.dll
0x00007fff164e0000 - 0x00007fff165e0000 	C:\windows\System32\ucrtbase.dll
0x00007fff05f30000 - 0x00007fff05f48000 	C:\Program Files\Android\Android Studio\jbr\bin\jli.dll
0x00007fff169c0000 - 0x00007fff16b5e000 	C:\windows\System32\USER32.dll
0x00007fff161f0000 - 0x00007fff16212000 	C:\windows\System32\win32u.dll
0x00007fff18160000 - 0x00007fff1818c000 	C:\windows\System32\GDI32.dll
0x00007fff162b0000 - 0x00007fff163ca000 	C:\windows\System32\gdi32full.dll
0x00007fff163d0000 - 0x00007fff1646d000 	C:\windows\System32\msvcp_win.dll
0x00007fff11630000 - 0x00007fff1164b000 	C:\Program Files\Android\Android Studio\jbr\bin\VCRUNTIME140.dll
0x00007fff026b0000 - 0x00007fff0294a000 	C:\windows\WinSxS\amd64_microsoft.windows.common-controls_6595b64144ccf1df_6.0.19041.1110_none_60b5254171f9507e\COMCTL32.dll
0x00007fff18190000 - 0x00007fff1822e000 	C:\windows\System32\msvcrt.dll
0x00007fff16850000 - 0x00007fff16880000 	C:\windows\System32\IMM32.DLL
0x00007fff115f0000 - 0x00007fff115fc000 	C:\Program Files\Android\Android Studio\jbr\bin\vcruntime140_1.dll
0x00007ffefb2e0000 - 0x00007ffefb36d000 	C:\Program Files\Android\Android Studio\jbr\bin\msvcp140.dll
0x00007ffec7440000 - 0x00007ffec80ca000 	C:\Program Files\Android\Android Studio\jbr\bin\server\jvm.dll
0x00007fff16c90000 - 0x00007fff16d3e000 	C:\windows\System32\ADVAPI32.dll
0x00007fff170d0000 - 0x00007fff1716c000 	C:\windows\System32\sechost.dll
0x00007fff16890000 - 0x00007fff169b6000 	C:\windows\System32\RPCRT4.dll
0x00007fff16e90000 - 0x00007fff16efb000 	C:\windows\System32\WS2_32.dll
0x00007fff15420000 - 0x00007fff1546b000 	C:\windows\SYSTEM32\POWRPROF.dll
0x00007fff02980000 - 0x00007fff029a7000 	C:\windows\SYSTEM32\WINMM.dll
0x00007fff13d40000 - 0x00007fff13d4a000 	C:\windows\SYSTEM32\VERSION.dll
0x00007fff15290000 - 0x00007fff152a2000 	C:\windows\SYSTEM32\UMPDC.dll
0x00007fff146a0000 - 0x00007fff146b2000 	C:\windows\SYSTEM32\kernel.appcore.dll
0x00007fff115c0000 - 0x00007fff115ca000 	C:\Program Files\Android\Android Studio\jbr\bin\jimage.dll
0x00007fff029f0000 - 0x00007fff02bd4000 	C:\windows\SYSTEM32\DBGHELP.DLL
0x00007fff00770000 - 0x00007fff007a4000 	C:\windows\SYSTEM32\dbgcore.DLL
0x00007fff16220000 - 0x00007fff162a2000 	C:\windows\System32\bcryptPrimitives.dll
0x00007fff11650000 - 0x00007fff1165e000 	C:\Program Files\Android\Android Studio\jbr\bin\instrument.dll
0x00007fff10840000 - 0x00007fff10860000 	C:\Program Files\Android\Android Studio\jbr\bin\java.dll
0x00007fff0f280000 - 0x00007fff0f298000 	C:\Program Files\Android\Android Studio\jbr\bin\zip.dll
0x00007fff17170000 - 0x00007fff178b4000 	C:\windows\System32\SHELL32.dll
0x00007fff13e50000 - 0x00007fff145eb000 	C:\windows\SYSTEM32\windows.storage.dll
0x00007fff18310000 - 0x00007fff18664000 	C:\windows\System32\combase.dll
0x00007fff158b0000 - 0x00007fff158dd000 	C:\windows\SYSTEM32\Wldp.dll
0x00007fff17020000 - 0x00007fff170cd000 	C:\windows\System32\SHCORE.dll
0x00007fff182b0000 - 0x00007fff18305000 	C:\windows\System32\shlwapi.dll
0x00007fff15da0000 - 0x00007fff15dc5000 	C:\windows\SYSTEM32\profapi.dll
0x00007fff115b0000 - 0x00007fff115c0000 	C:\Program Files\Android\Android Studio\jbr\bin\net.dll
0x00007fff13c30000 - 0x00007fff13d3a000 	C:\windows\SYSTEM32\WINHTTP.dll
0x00007fff15610000 - 0x00007fff1567a000 	C:\windows\system32\mswsock.dll
0x00007fff0f260000 - 0x00007fff0f276000 	C:\Program Files\Android\Android Studio\jbr\bin\nio.dll
0x00007fff116c0000 - 0x00007fff116d0000 	C:\Program Files\Android\Android Studio\jbr\bin\verify.dll
0x00007fff05b50000 - 0x00007fff05b77000 	C:\Users\bamba\.gradle\native\c067742578af261105cb4f569cf0c3c89f3d7b1fecec35dd04571415982c5e48\windows-amd64\native-platform.dll
0x00007ffefa4d0000 - 0x00007ffefa614000 	C:\Users\bamba\.gradle\native\100fb08df4bc3b14c8652ba06237920a3bd2aa13389f12d3474272988ae205f9\windows-amd64\native-platform-file-events.dll
0x00007fff0f700000 - 0x00007fff0f709000 	C:\Program Files\Android\Android Studio\jbr\bin\management.dll
0x00007fff0e540000 - 0x00007fff0e54b000 	C:\Program Files\Android\Android Studio\jbr\bin\management_ext.dll
0x00007fff16e20000 - 0x00007fff16e28000 	C:\windows\System32\PSAPI.DLL
0x00007fff15800000 - 0x00007fff15818000 	C:\windows\SYSTEM32\CRYPTSP.dll
0x00007fff14eb0000 - 0x00007fff14ee4000 	C:\windows\system32\rsaenh.dll
0x00007fff161c0000 - 0x00007fff161e7000 	C:\windows\System32\bcrypt.dll
0x00007fff15d20000 - 0x00007fff15d4e000 	C:\windows\SYSTEM32\USERENV.dll
0x00007fff15820000 - 0x00007fff1582c000 	C:\windows\SYSTEM32\CRYPTBASE.dll
0x00007fff152b0000 - 0x00007fff152eb000 	C:\windows\SYSTEM32\IPHLPAPI.DLL
0x00007fff16880000 - 0x00007fff16888000 	C:\windows\System32\NSI.dll
0x00007fff0f750000 - 0x00007fff0f759000 	C:\Program Files\Android\Android Studio\jbr\bin\extnet.dll
0x00007fff10830000 - 0x00007fff10837000 	C:\windows\system32\wshunix.dll

dbghelp: loaded successfully - version: 4.0.5 - missing functions: none
symbol engine: initialized successfully - sym options: 0x614 - pdb path: .;C:\Program Files\Android\Android Studio\jbr\bin;C:\windows\SYSTEM32;C:\windows\WinSxS\amd64_microsoft.windows.common-controls_6595b64144ccf1df_6.0.19041.1110_none_60b5254171f9507e;C:\Program Files\Android\Android Studio\jbr\bin\server;C:\Users\bamba\.gradle\native\c067742578af261105cb4f569cf0c3c89f3d7b1fecec35dd04571415982c5e48\windows-amd64;C:\Users\bamba\.gradle\native\100fb08df4bc3b14c8652ba06237920a3bd2aa13389f12d3474272988ae205f9\windows-amd64

VM Arguments:
jvm_args: --add-opens=java.base/java.lang=ALL-UNNAMED --add-opens=java.base/java.lang.invoke=ALL-UNNAMED --add-opens=java.base/java.util=ALL-UNNAMED --add-opens=java.prefs/java.util.prefs=ALL-UNNAMED --add-exports=jdk.compiler/com.sun.tools.javac.api=ALL-UNNAMED --add-exports=jdk.compiler/com.sun.tools.javac.util=ALL-UNNAMED --add-opens=java.base/java.util=ALL-UNNAMED --add-opens=java.prefs/java.util.prefs=ALL-UNNAMED --add-opens=java.base/java.nio.charset=ALL-UNNAMED --add-opens=java.base/java.net=ALL-UNNAMED --add-opens=java.base/java.util.concurrent.atomic=ALL-UNNAMED --add-opens=java.xml/javax.xml.namespace=ALL-UNNAMED -Xmx2048m -Dfile.encoding=UTF-8 -Duser.country=US -Duser.language=en -Duser.variant -javaagent:C:\Users\bamba\.gradle\wrapper\dists\gradle-8.11.1-bin\bpt9gzteqjrbo1mjrsomdt32c\gradle-8.11.1\lib\agents\gradle-instrumentation-agent-8.11.1.jar 
java_command: org.gradle.launcher.daemon.bootstrap.GradleDaemon 8.11.1
java_class_path (initial): C:\Users\bamba\.gradle\wrapper\dists\gradle-8.11.1-bin\bpt9gzteqjrbo1mjrsomdt32c\gradle-8.11.1\lib\gradle-daemon-main-8.11.1.jar
Launcher Type: SUN_STANDARD

[Global flags]
     intx CICompilerCount                          = 3                                         {product} {ergonomic}
     uint ConcGCThreads                            = 1                                         {product} {ergonomic}
     uint G1ConcRefinementThreads                  = 4                                         {product} {ergonomic}
   size_t G1HeapRegionSize                         = 1048576                                   {product} {ergonomic}
    uintx GCDrainStackTargetSize                   = 64                                        {product} {ergonomic}
   size_t InitialHeapSize                          = 268435456                                 {product} {ergonomic}
   size_t MarkStackSize                            = 4194304                                   {product} {ergonomic}
   size_t MaxHeapSize                              = 2147483648                                {product} {command line}
   size_t MaxNewSize                               = 1287651328                                {product} {ergonomic}
   size_t MinHeapDeltaBytes                        = 1048576                                   {product} {ergonomic}
   size_t MinHeapSize                              = 8388608                                   {product} {ergonomic}
    uintx NonNMethodCodeHeapSize                   = 5832780                                {pd product} {ergonomic}
    uintx NonProfiledCodeHeapSize                  = 122912730                              {pd product} {ergonomic}
    uintx ProfiledCodeHeapSize                     = 122912730                              {pd product} {ergonomic}
    uintx ReservedCodeCacheSize                    = 251658240                              {pd product} {ergonomic}
     bool SegmentedCodeCache                       = true                                      {product} {ergonomic}
   size_t SoftMaxHeapSize                          = 2147483648                             {manageable} {ergonomic}
     bool UseCompressedOops                        = true                           {product lp64_product} {ergonomic}
     bool UseG1GC                                  = true                                      {product} {ergonomic}
     bool UseLargePagesIndividualAllocation        = false                                  {pd product} {ergonomic}

Logging:
Log output configuration:
 #0: stdout all=warning uptime,level,tags foldmultilines=false
 #1: stderr all=off uptime,level,tags foldmultilines=false

Environment Variables:
PATH=C:\Program Files\Common Files\Oracle\Java\javapath;C:\windows\system32;C:\windows;C:\windows\System32\Wbem;C:\windows\System32\WindowsPowerShell\v1.0\;C:\windows\System32\OpenSSH\;C:\Program Files\Apache\maven-3.9.6\bin;C:\Program Files\MySQL\MySQL Shell 8.0\bin\;C:\Users\bamba\AppData\Local\Microsoft\WindowsApps;;C:\Users\bamba\AppData\Local\Programs\Microsoft VS Code\bin
USERNAME=bamba
OS=Windows_NT
PROCESSOR_IDENTIFIER=Intel64 Family 6 Model 78 Stepping 3, GenuineIntel
TMP=C:\Users\bamba\AppData\Local\Temp
TEMP=C:\Users\bamba\AppData\Local\Temp




Periodic native trim disabled

JNI global refs:
JNI global refs: 22, weak refs: 0

JNI global refs memory usage: 835, weak refs: 833

Process memory usage:
Resident Set Size: 175992K (1% of 16654608K total physical memory with 4737168K free physical memory)

OOME stack traces (most recent first):
Classloader memory used:
Loader bootstrap                                                                       : 16083K
Loader org.gradle.internal.classloader.VisitableURLClassLoader                         : 10206K
Loader org.gradle.initialization.MixInLegacyTypesClassLoader                           : 1055K
Loader jdk.internal.loader.ClassLoaders$AppClassLoader                                 : 234K
Loader jdk.internal.loader.ClassLoaders$PlatformClassLoader                            : 114K

Classes loaded by more than one classloader:
Class org.gradle.internal.classloader.FilteringClassLoader                            : loaded 2 times (x 101B)
Class org.gradle.internal.classloader.ClassLoaderHierarchy                            : loaded 2 times (x 66B)
Class org.gradle.api.internal.classpath.ManifestUtil                                  : loaded 2 times (x 67B)
Class org.gradle.internal.classloader.DefaultClassLoaderFactory                       : loaded 2 times (x 78B)
Class org.gradle.internal.classloader.ClassLoaderVisitor                              : loaded 2 times (x 72B)
Class org.gradle.api.internal.classpath.EffectiveClassPath                            : loaded 2 times (x 86B)
Class org.gradle.api.internal.DefaultClassPathProvider                                : loaded 2 times (x 72B)
Class [Lorg.gradle.api.internal.ClassPathProvider;                                    : loaded 2 times (x 65B)
Class org.gradle.api.internal.ClassPathProvider                                       : loaded 2 times (x 66B)
Class org.gradle.internal.service.UnknownServiceException                             : loaded 2 times (x 79B)
Class org.gradle.internal.classpath.TransformedClassPath                              : loaded 2 times (x 92B)
Class org.gradle.internal.classloader.InstrumentingClassLoader                        : loaded 2 times (x 66B)
Class org.gradle.internal.service.ServiceLocator                                      : loaded 2 times (x 66B)
Class org.gradle.internal.InternalTransformer                                         : loaded 2 times (x 66B)
Class org.gradle.internal.classloader.ClasspathUtil$1                                 : loaded 2 times (x 72B)
Class org.gradle.api.internal.classpath.DefaultModuleRegistry$DefaultModule           : loaded 2 times (x 82B)
Class org.gradle.api.internal.classpath.Module                                        : loaded 2 times (x 66B)
Class org.gradle.api.internal.classpath.UnknownModuleException                        : loaded 2 times (x 78B)
Class org.gradle.api.internal.DefaultClassPathRegistry                                : loaded 2 times (x 72B)
Class org.gradle.api.internal.ClassPathRegistry                                       : loaded 2 times (x 66B)
Class org.gradle.internal.classpath.DefaultClassPath$ImmutableUniqueList              : loaded 2 times (x 195B)
Class org.gradle.internal.classpath.ClassPath                                         : loaded 2 times (x 66B)
Class org.gradle.api.UncheckedIOException                                             : loaded 2 times (x 78B)
Class org.gradle.internal.installation.GradleInstallation$1                           : loaded 2 times (x 71B)
Class org.gradle.api.internal.classpath.ModuleRegistry                                : loaded 2 times (x 66B)
Class org.gradle.api.internal.classpath.DefaultModuleRegistry                         : loaded 2 times (x 82B)
Class org.gradle.internal.service.ServiceLookupException                              : loaded 2 times (x 78B)
Class org.gradle.internal.classloader.ClassLoaderFactory                              : loaded 2 times (x 66B)
Class org.gradle.internal.service.CachingServiceLocator                               : loaded 2 times (x 78B)
Class org.gradle.internal.classloader.ClasspathUtil                                   : loaded 2 times (x 67B)
Class org.gradle.api.specs.Spec                                                       : loaded 2 times (x 66B)
Class org.gradle.internal.classloader.VisitableURLClassLoader$InstrumentingVisitableURLClassLoader: loaded 2 times (x 119B)
Class org.gradle.internal.classloader.VisitableURLClassLoader$Spec                    : loaded 2 times (x 70B)
Class org.gradle.internal.classpath.DefaultClassPath                                  : loaded 2 times (x 86B)
Class org.gradle.internal.classloader.ClassLoaderSpec                                 : loaded 2 times (x 67B)
Class org.gradle.internal.classloader.VisitableURLClassLoader                         : loaded 2 times (x 113B)
Class org.gradle.internal.Cast                                                        : loaded 2 times (x 67B)
Class org.gradle.api.Action                                                           : loaded 2 times (x 66B)
Class org.gradle.internal.classpath.DefaultClassPath$ImmutableUniqueList$Builder      : loaded 2 times (x 71B)
Class org.gradle.api.GradleException                                                  : loaded 2 times (x 78B)
Class org.gradle.internal.IoActions                                                   : loaded 2 times (x 67B)
Class org.gradle.internal.classloader.SystemClassLoaderSpec                           : loaded 2 times (x 67B)
Class org.gradle.api.internal.classpath.GlobalCacheRootsProvider                      : loaded 2 times (x 66B)
Class org.gradle.internal.installation.CurrentGradleInstallationLocator               : loaded 2 times (x 67B)
Class org.gradle.internal.service.DefaultServiceLocator                               : loaded 2 times (x 79B)
Class org.gradle.internal.installation.CurrentGradleInstallation                      : loaded 2 times (x 69B)
Class org.gradle.util.internal.GUtil                                                  : loaded 2 times (x 67B)
Class org.gradle.internal.installation.GradleInstallation                             : loaded 2 times (x 71B)

---------------  S Y S T E M  ---------------

OS:
 Windows 10 , 64 bit Build 19041 (10.0.19041.3393)
OS uptime: 1 days 22:13 hours

CPU: total 4 (initial active 4) (2 cores per cpu, 2 threads per core) family 6 model 78 stepping 3 microcode 0xf0, cx8, cmov, fxsr, ht, mmx, 3dnowpref, sse, sse2, sse3, ssse3, sse4.1, sse4.2, popcnt, lzcnt, tsc, tscinvbit, avx, avx2, aes, erms, clmul, bmi1, bmi2, rtm, adx, fma, vzeroupper, clflush, clflushopt, rdtscp, f16c
Processor Information for all 4 processors :
  Max Mhz: 2496, Current Mhz: 2396, Mhz Limit: 2396

Memory: 4k page, system-wide physical 16264M (4625M free)
TotalPageFile size 65416M (AvailPageFile size 6M)
current process WorkingSet (physical memory assigned to process): 171M, peak: 189M
current process commit charge ("private bytes"): 211M, peak: 373M

vm_info: OpenJDK 64-Bit Server VM (21.0.5+-13047016-b750.29) for windows-amd64 JRE (21.0.5+-13047016-b750.29), built on 2025-02-11T21:12:39Z by "builder" with MS VC++ 16.10 / 16.11 (VS2019)

END.
